{"/Users/mx/code_projects/avalara_code/original.js": {"path":"/Users/mx/code_projects/avalara_code/original.js","statementMap":{"0":{"start":{"line":2,"column":2},"end":{"line":4,"column":3}},"1":{"start":{"line":3,"column":4},"end":{"line":3,"column":15}},"2":{"start":{"line":5,"column":2},"end":{"line":7,"column":3}},"3":{"start":{"line":6,"column":4},"end":{"line":6,"column":15}},"4":{"start":{"line":8,"column":2},"end":{"line":10,"column":3}},"5":{"start":{"line":9,"column":4},"end":{"line":9,"column":15}},"6":{"start":{"line":11,"column":2},"end":{"line":13,"column":3}},"7":{"start":{"line":12,"column":4},"end":{"line":12,"column":15}},"8":{"start":{"line":14,"column":2},"end":{"line":16,"column":3}},"9":{"start":{"line":15,"column":4},"end":{"line":15,"column":15}},"10":{"start":{"line":17,"column":2},"end":{"line":19,"column":3}},"11":{"start":{"line":18,"column":4},"end":{"line":18,"column":15}},"12":{"start":{"line":24,"column":2},"end":{"line":26,"column":3}},"13":{"start":{"line":25,"column":4},"end":{"line":25,"column":28}},"14":{"start":{"line":28,"column":2},"end":{"line":37,"column":3}},"15":{"start":{"line":36,"column":4},"end":{"line":36,"column":49}},"16":{"start":{"line":38,"column":12},"end":{"line":38,"column":15}},"17":{"start":{"line":41,"column":2},"end":{"line":55,"column":3}},"18":{"start":{"line":42,"column":4},"end":{"line":42,"column":37}},"19":{"start":{"line":43,"column":4},"end":{"line":47,"column":5}},"20":{"start":{"line":44,"column":6},"end":{"line":44,"column":34}},"21":{"start":{"line":46,"column":6},"end":{"line":46,"column":39}},"22":{"start":{"line":49,"column":4},"end":{"line":49,"column":26}},"23":{"start":{"line":50,"column":4},"end":{"line":54,"column":5}},"24":{"start":{"line":51,"column":6},"end":{"line":51,"column":35}},"25":{"start":{"line":53,"column":6},"end":{"line":53,"column":40}},"26":{"start":{"line":56,"column":2},"end":{"line":56,"column":13}},"27":{"start":{"line":58,"column":0},"end":{"line":58,"column":26}}},"fnMap":{"0":{"name":"hexLetter","decl":{"start":{"line":1,"column":9},"end":{"line":1,"column":18}},"loc":{"start":{"line":1,"column":26},"end":{"line":20,"column":1}},"line":1},"1":{"name":"intToHex","decl":{"start":{"line":22,"column":9},"end":{"line":22,"column":17}},"loc":{"start":{"line":22,"column":36},"end":{"line":57,"column":1}},"line":22}},"branchMap":{"0":{"loc":{"start":{"line":2,"column":2},"end":{"line":4,"column":3}},"type":"if","locations":[{"start":{"line":2,"column":2},"end":{"line":4,"column":3}},{"start":{"line":2,"column":2},"end":{"line":4,"column":3}}],"line":2},"1":{"loc":{"start":{"line":5,"column":2},"end":{"line":7,"column":3}},"type":"if","locations":[{"start":{"line":5,"column":2},"end":{"line":7,"column":3}},{"start":{"line":5,"column":2},"end":{"line":7,"column":3}}],"line":5},"2":{"loc":{"start":{"line":8,"column":2},"end":{"line":10,"column":3}},"type":"if","locations":[{"start":{"line":8,"column":2},"end":{"line":10,"column":3}},{"start":{"line":8,"column":2},"end":{"line":10,"column":3}}],"line":8},"3":{"loc":{"start":{"line":11,"column":2},"end":{"line":13,"column":3}},"type":"if","locations":[{"start":{"line":11,"column":2},"end":{"line":13,"column":3}},{"start":{"line":11,"column":2},"end":{"line":13,"column":3}}],"line":11},"4":{"loc":{"start":{"line":14,"column":2},"end":{"line":16,"column":3}},"type":"if","locations":[{"start":{"line":14,"column":2},"end":{"line":16,"column":3}},{"start":{"line":14,"column":2},"end":{"line":16,"column":3}}],"line":14},"5":{"loc":{"start":{"line":17,"column":2},"end":{"line":19,"column":3}},"type":"if","locations":[{"start":{"line":17,"column":2},"end":{"line":19,"column":3}},{"start":{"line":17,"column":2},"end":{"line":19,"column":3}}],"line":17},"6":{"loc":{"start":{"line":24,"column":2},"end":{"line":26,"column":3}},"type":"if","locations":[{"start":{"line":24,"column":2},"end":{"line":26,"column":3}},{"start":{"line":24,"column":2},"end":{"line":26,"column":3}}],"line":24},"7":{"loc":{"start":{"line":28,"column":2},"end":{"line":37,"column":3}},"type":"if","locations":[{"start":{"line":28,"column":2},"end":{"line":37,"column":3}},{"start":{"line":28,"column":2},"end":{"line":37,"column":3}}],"line":28},"8":{"loc":{"start":{"line":29,"column":4},"end":{"line":34,"column":14}},"type":"binary-expr","locations":[{"start":{"line":29,"column":4},"end":{"line":29,"column":12}},{"start":{"line":30,"column":4},"end":{"line":30,"column":14}},{"start":{"line":31,"column":4},"end":{"line":31,"column":12}},{"start":{"line":32,"column":4},"end":{"line":32,"column":14}},{"start":{"line":33,"column":4},"end":{"line":33,"column":12}},{"start":{"line":34,"column":4},"end":{"line":34,"column":14}}],"line":29},"9":{"loc":{"start":{"line":43,"column":4},"end":{"line":47,"column":5}},"type":"if","locations":[{"start":{"line":43,"column":4},"end":{"line":47,"column":5}},{"start":{"line":43,"column":4},"end":{"line":47,"column":5}}],"line":43},"10":{"loc":{"start":{"line":50,"column":4},"end":{"line":54,"column":5}},"type":"if","locations":[{"start":{"line":50,"column":4},"end":{"line":54,"column":5}},{"start":{"line":50,"column":4},"end":{"line":54,"column":5}}],"line":50}},"s":{"0":8,"1":0,"2":8,"3":0,"4":8,"5":1,"6":7,"7":1,"8":6,"9":0,"10":6,"11":6,"12":6,"13":1,"14":5,"15":2,"16":3,"17":3,"18":9,"19":9,"20":5,"21":4,"22":9,"23":9,"24":3,"25":6,"26":3,"27":1},"f":{"0":8,"1":6},"b":{"0":[0,8],"1":[0,8],"2":[1,7],"3":[1,6],"4":[0,6],"5":[6,0],"6":[1,5],"7":[2,3],"8":[5,4,3,3,3,3],"9":[5,4],"10":[3,6]},"_coverageSchema":"332fd63041d2c1bcb487cc26dd0d5f7d97098a6c","hash":"d2dbc33ae8857e5d593cb6d6f3f2a65c1cc8fe10"}
,"/Users/mx/code_projects/avalara_code/revised.js": {"path":"/Users/mx/code_projects/avalara_code/revised.js","statementMap":{"0":{"start":{"line":4,"column":18},"end":{"line":4,"column":48}},"1":{"start":{"line":5,"column":2},"end":{"line":5,"column":29}},"2":{"start":{"line":10,"column":2},"end":{"line":12,"column":3}},"3":{"start":{"line":11,"column":4},"end":{"line":11,"column":28}},"4":{"start":{"line":14,"column":2},"end":{"line":23,"column":3}},"5":{"start":{"line":22,"column":4},"end":{"line":22,"column":49}},"6":{"start":{"line":24,"column":12},"end":{"line":24,"column":15}},"7":{"start":{"line":29,"column":2},"end":{"line":37,"column":3}},"8":{"start":{"line":30,"column":4},"end":{"line":30,"column":37}},"9":{"start":{"line":31,"column":4},"end":{"line":31,"column":26}},"10":{"start":{"line":34,"column":4},"end":{"line":34,"column":78}},"11":{"start":{"line":35,"column":4},"end":{"line":36,"column":76}},"12":{"start":{"line":38,"column":2},"end":{"line":38,"column":13}},"13":{"start":{"line":40,"column":0},"end":{"line":40,"column":26}}},"fnMap":{"0":{"name":"hexLetter","decl":{"start":{"line":1,"column":9},"end":{"line":1,"column":18}},"loc":{"start":{"line":1,"column":24},"end":{"line":6,"column":1}},"line":1},"1":{"name":"intToHex","decl":{"start":{"line":8,"column":9},"end":{"line":8,"column":17}},"loc":{"start":{"line":8,"column":36},"end":{"line":39,"column":1}},"line":8}},"branchMap":{"0":{"loc":{"start":{"line":10,"column":2},"end":{"line":12,"column":3}},"type":"if","locations":[{"start":{"line":10,"column":2},"end":{"line":12,"column":3}},{"start":{"line":10,"column":2},"end":{"line":12,"column":3}}],"line":10},"1":{"loc":{"start":{"line":14,"column":2},"end":{"line":23,"column":3}},"type":"if","locations":[{"start":{"line":14,"column":2},"end":{"line":23,"column":3}},{"start":{"line":14,"column":2},"end":{"line":23,"column":3}}],"line":14},"2":{"loc":{"start":{"line":15,"column":4},"end":{"line":20,"column":14}},"type":"binary-expr","locations":[{"start":{"line":15,"column":4},"end":{"line":15,"column":12}},{"start":{"line":16,"column":4},"end":{"line":16,"column":14}},{"start":{"line":17,"column":4},"end":{"line":17,"column":12}},{"start":{"line":18,"column":4},"end":{"line":18,"column":14}},{"start":{"line":19,"column":4},"end":{"line":19,"column":12}},{"start":{"line":20,"column":4},"end":{"line":20,"column":14}}],"line":15},"3":{"loc":{"start":{"line":34,"column":11},"end":{"line":34,"column":77}},"type":"cond-expr","locations":[{"start":{"line":34,"column":29},"end":{"line":34,"column":49}},{"start":{"line":34,"column":52},"end":{"line":34,"column":77}}],"line":34},"4":{"loc":{"start":{"line":36,"column":6},"end":{"line":36,"column":75}},"type":"cond-expr","locations":[{"start":{"line":36,"column":25},"end":{"line":36,"column":46}},{"start":{"line":36,"column":49},"end":{"line":36,"column":75}}],"line":36}},"s":{"0":8,"1":8,"2":6,"3":1,"4":5,"5":2,"6":3,"7":3,"8":9,"9":9,"10":9,"11":9,"12":3,"13":1},"f":{"0":8,"1":6},"b":{"0":[1,5],"1":[2,3],"2":[5,4,3,3,3,3],"3":[5,4],"4":[3,6]},"_coverageSchema":"332fd63041d2c1bcb487cc26dd0d5f7d97098a6c","hash":"9524fea6ba3c32299c1c53417314558cea9e0dbf"}
}
