TN:
SF:/Users/mx/code_projects/avalara_code/original.js
FN:1,hexLetter
FN:22,intToHex
FNF:2
FNH:2
FNDA:8,hexLetter
FNDA:6,intToHex
DA:2,8
DA:3,0
DA:5,8
DA:6,0
DA:8,8
DA:9,1
DA:11,7
DA:12,1
DA:14,6
DA:15,0
DA:17,6
DA:18,6
DA:24,6
DA:25,1
DA:28,5
DA:36,2
DA:38,3
DA:41,3
DA:42,9
DA:43,9
DA:44,5
DA:46,4
DA:49,9
DA:50,9
DA:51,3
DA:53,6
DA:56,3
DA:58,1
LF:28
LH:25
BRDA:2,0,0,0
BRDA:2,0,1,8
BRDA:5,1,0,0
BRDA:5,1,1,8
BRDA:8,2,0,1
BRDA:8,2,1,7
BRDA:11,3,0,1
BRDA:11,3,1,6
BRDA:14,4,0,0
BRDA:14,4,1,6
BRDA:17,5,0,6
BRDA:17,5,1,0
BRDA:24,6,0,1
BRDA:24,6,1,5
BRDA:28,7,0,2
BRDA:28,7,1,3
BRDA:29,8,0,5
BRDA:29,8,1,4
BRDA:29,8,2,3
BRDA:29,8,3,3
BRDA:29,8,4,3
BRDA:29,8,5,3
BRDA:43,9,0,5
BRDA:43,9,1,4
BRDA:50,10,0,3
BRDA:50,10,1,6
BRF:26
BRH:22
end_of_record
TN:
SF:/Users/mx/code_projects/avalara_code/revised.js
FN:1,hexLetter
FN:8,intToHex
FNF:2
FNH:2
FNDA:8,hexLetter
FNDA:6,intToHex
DA:4,8
DA:5,8
DA:10,6
DA:11,1
DA:14,5
DA:22,2
DA:24,3
DA:29,3
DA:30,9
DA:31,9
DA:34,9
DA:35,9
DA:38,3
DA:40,1
LF:14
LH:14
BRDA:10,0,0,1
BRDA:10,0,1,5
BRDA:14,1,0,2
BRDA:14,1,1,3
BRDA:15,2,0,5
BRDA:15,2,1,4
BRDA:15,2,2,3
BRDA:15,2,3,3
BRDA:15,2,4,3
BRDA:15,2,5,3
BRDA:34,3,0,5
BRDA:34,3,1,4
BRDA:36,4,0,3
BRDA:36,4,1,6
BRF:14
BRH:14
end_of_record
